#
# A fatal error has been detected by the Java Runtime Environment:
#
#  EXCEPTION_STACK_OVERFLOW (0xc00000fd) at pc=0x00007ffa8431ea43, pid=13120, tid=17100
#
# JRE version: OpenJDK Runtime Environment JBR-17.0.8.1+7-1000.32-jcef (17.0.8.1+7) (build 17.0.8.1+7-b1000.32)
# Java VM: OpenJDK 64-Bit Server VM JBR-17.0.8.1+7-1000.32-jcef (17.0.8.1+7-b1000.32, mixed mode, tiered, compressed oops, compressed class ptrs, g1 gc, windows-amd64)
# Problematic frame:
# V  [jvm.dll+0x38ea43]
#
# No core dump will be written. Minidumps are not enabled by default on client versions of Windows
#
# If you would like to submit a bug report, please visit:
#   https://youtrack.jetbrains.com/issues/JBR
#

---------------  S U M M A R Y ------------

Command Line: -Djava.rmi.server.hostname=127.0.0.1 -Duser.timezone=UTC -Xmx2048m -Xms128m -Djna.boot.library.path=D:\Program Files\IntelliJ IDEA 2023.2.4/lib/jna/amd64 -Djna.nosys=true -Djna.noclasspath=true -Djdbc.classpath=D:\Program Files\IntelliJ IDEA 2023.2.4\plugins\DatabaseTools\lib\jdbc-console.jar;C:\Users\86130\AppData\Roaming\JetBrains\IntelliJIdea2023.2\jdbc-drivers\MySQL ConnectorJ\8.0.25\mysql-connector-java-8.0.25.jar --add-exports=java.desktop/sun.awt=ALL-UNNAMED --add-exports=java.desktop/java.awt.peer=ALL-UNNAMED --add-opens=java.desktop/java.awt=ALL-UNNAMED --add-opens=jdk.unsupported/sun.misc=ALL-UNNAMED --add-opens=java.base/java.nio=ALL-UNNAMED --add-opens=java.base/java.util=ALL-UNNAMED -Dfile.encoding=UTF-8 com.intellij.database.remote.RemoteJdbcServer com.mysql.cj.jdbc.Driver

Host: 12th Gen Intel(R) Core(TM) i5-12500H, 16 cores, 15G,  Windows 11 , 64 bit Build 22621 (10.0.22621.2428)
Time: Wed Nov  8 20:13:54 2023  Windows 11 , 64 bit Build 22621 (10.0.22621.2428) elapsed time: 18221.535607 seconds (0d 5h 3m 41s)

---------------  T H R E A D  ---------------

Current thread (0x0000013dfd43d610):  JavaThread "Logging-Cleaner" [_thread_in_vm, id=17100, stack(0x0000003213a00000,0x0000003213b00000)]

Stack: [0x0000003213a00000,0x0000003213b00000],  sp=0x0000003213aff8a0,  free space=1022k
Native frames: (J=compiled Java code, j=interpreted, Vv=VM code, C=native code)
V  [jvm.dll+0x38ea43]
V  [jvm.dll+0x685202]
V  [jvm.dll+0x38f69b]
V  [jvm.dll+0x38f927]
V  [jvm.dll+0x415951]
V  [jvm.dll+0x7f9d3c]
V  [jvm.dll+0x7f415a]
